<?xml version="1.0" encoding="UTF-8"?>
<!-- Generated by org.testng.reporters.JUnitXMLReporter -->
<testsuite ignored="1" hostname="DESKTOP-N2O8J3T" failures="1" tests="1" name="Test(failed)" time="5.972" errors="0" timestamp="2024-06-25T17:37:30 IST">
  <testcase classname="listeners.Testcase" name="login" time="0.525">
    <failure type="java.lang.AssertionError" message="expected [true] but found [false]">
      <![CDATA[java.lang.AssertionError: expected [true] but found [false]
at listeners.Testcase.login(Testcase.java:40)
at java.base/java.util.ArrayList.forEach(ArrayList.java:1511)
... Removed 32 stack frames]]>
    </failure>
  </testcase> <!-- login -->
  <testcase classname="listeners.Testcase" name="anotherTest" time="0.0">
    <ignored/>
  </testcase> <!-- anotherTest -->
</testsuite> <!-- Test(failed) -->
