<?xml version="1.0" encoding="UTF-8"?>
<testng-results ignored="0" total="2" passed="2" failed="0" skipped="0">
  <reporter-output>
  </reporter-output>
  <suite started-at="2024-07-12T18:01:57 IST" name="Default suite" finished-at="2024-07-12T18:02:03 IST" duration-ms="5658">
    <groups>
    </groups>
    <test started-at="2024-07-12T18:01:57 IST" name="Default test" finished-at="2024-07-12T18:02:03 IST" duration-ms="5658">
      <class name="designPattern_POM.LoginTest">
        <test-method is-config="true" signature="setUp()[pri:0, instance:designPattern_POM.LoginTest@477b4cdf]" started-at="2024-07-12T18:01:57 IST" name="setUp" finished-at="2024-07-12T18:02:02 IST" duration-ms="4920" status="PASS">
          <reporter-output>
          </reporter-output>
        </test-method> <!-- setUp -->
        <test-method signature="verifyTitle()[pri:1, instance:designPattern_POM.LoginTest@477b4cdf]" started-at="2024-07-12T18:02:02 IST" name="verifyTitle" finished-at="2024-07-12T18:02:02 IST" duration-ms="29" status="PASS">
          <reporter-output>
          </reporter-output>
        </test-method> <!-- verifyTitle -->
        <test-method signature="verifyLogin()[pri:2, instance:designPattern_POM.LoginTest@477b4cdf]" started-at="2024-07-12T18:02:02 IST" name="verifyLogin" finished-at="2024-07-12T18:02:03 IST" duration-ms="541" status="PASS">
          <reporter-output>
          </reporter-output>
        </test-method> <!-- verifyLogin -->
      </class> <!-- designPattern_POM.LoginTest -->
    </test> <!-- Default test -->
  </suite> <!-- Default suite -->
</testng-results>
