<?xml version="1.0" encoding="UTF-8"?>
<testng-results ignored="0" total="2" passed="2" failed="0" skipped="0">
  <reporter-output>
  </reporter-output>
  <suite started-at="2024-06-28T12:08:58 IST" name="Default suite" finished-at="2024-06-28T12:09:04 IST" duration-ms="6498">
    <groups>
    </groups>
    <test started-at="2024-06-28T12:08:58 IST" name="Default test" finished-at="2024-06-28T12:09:04 IST" duration-ms="6498">
      <class name="testng.ExtentReport">
        <test-method is-config="true" signature="setup()[pri:0, instance:testng.ExtentReport@7586beff]" started-at="2024-06-28T12:08:58 IST" name="setup" finished-at="2024-06-28T12:09:02 IST" duration-ms="3845" status="PASS">
          <reporter-output>
          </reporter-output>
        </test-method> <!-- setup -->
        <test-method signature="login()[pri:0, instance:testng.ExtentReport@7586beff]" started-at="2024-06-28T12:09:02 IST" name="login" finished-at="2024-06-28T12:09:04 IST" duration-ms="1935" status="PASS">
          <reporter-output>
          </reporter-output>
        </test-method> <!-- login -->
        <test-method signature="test2()[pri:0, instance:testng.ExtentReport@7586beff]" started-at="2024-06-28T12:09:04 IST" name="test2" finished-at="2024-06-28T12:09:04 IST" duration-ms="2" status="PASS">
          <reporter-output>
          </reporter-output>
        </test-method> <!-- test2 -->
        <test-method is-config="true" signature="tearDown()[pri:0, instance:testng.ExtentReport@7586beff]" started-at="2024-06-28T12:09:04 IST" name="tearDown" finished-at="2024-06-28T12:09:04 IST" duration-ms="622" status="PASS">
          <reporter-output>
          </reporter-output>
        </test-method> <!-- tearDown -->
      </class> <!-- testng.ExtentReport -->
    </test> <!-- Default test -->
  </suite> <!-- Default suite -->
</testng-results>
